<?xml version="1.0" encoding="UTF-8"?>
<!-- Generated by org.testng.reporters.JUnitReportReporter -->
<testsuite hostname="FFE-Vidyasree-KJ" failures="0" tests="3" name="practice.testng.ContactTest" time="0.010" errors="0" timestamp="2026-08-19T13:30:47 IST" skipped="0">
  <testcase classname="practice.testng.ContactTest" name="createContactTest" time="0.007">
    <system-out>
      <![CDATA[login successfull]]>
    </system-out>
  </testcase> <!-- createContactTest -->
  <testcase classname="practice.testng.ContactTest" name="createContactWithMobileNoTest" time="0.001">
    <system-out>
      <![CDATA[mobile]]>
    </system-out>
  </testcase> <!-- createContactWithMobileNoTest -->
  <testcase classname="practice.testng.ContactTest" name="createContactWithIndustryTypeTest" time="0.002"/>
  <system-out>
    <![CDATA[login successfull
mobile]]>
  </system-out>
</testsuite> <!-- practice.testng.ContactTest -->
