<?xml version="1.0" encoding="UTF-8"?>
<!-- Generated by org.testng.reporters.JUnitReportReporter -->
<testsuite hostname="FFE-Vidyasree-KJ" failures="0" tests="1" name="practice.testng.Insta" time="4.066" errors="0" timestamp="2026-08-19T17:32:41 IST" skipped="0">
  <testcase classname="practice.testng.Insta" name="sample" time="4.066">
    <system-out>
      <![CDATA[step 1
step 2]]>
    </system-out>
  </testcase> <!-- sample -->
  <system-out>
    <![CDATA[step 1
step 2]]>
  </system-out>
</testsuite> <!-- practice.testng.Insta -->
