<?xml version="1.0" encoding="UTF-8"?>
<!-- Generated by org.testng.reporters.JUnitReportReporter -->
<testsuite hostname="FFE-Vidyasree-KJ" failures="0" tests="1" name="practice.testng.ConfigAnnotation" time="0.023" errors="0" timestamp="2026-08-19T16:00:54 IST" skipped="0">
  <testcase classname="practice.testng.ConfigAnnotation" name="addProduct" time="0.023">
    <system-out>
      <![CDATA[Added product to cart]]>
    </system-out>
  </testcase> <!-- addProduct -->
  <system-out>
    <![CDATA[database connected Successfully
VPN connected Successfully
browser launched Successfully
login to application
Added product to cart
logout from application
browser closed Successfully
VPN disconnected Successfully
database disconnected Successfully]]>
  </system-out>
</testsuite> <!-- practice.testng.ConfigAnnotation -->
