<?xml version="1.0" encoding="UTF-8"?>
<!-- Generated by org.testng.reporters.JUnitReportReporter -->
<testsuite hostname="FFE-Vidyasree-KJ" failures="0" tests="3" name="practice.testng.dependOnScriptTest" time="0.019" errors="0" timestamp="2026-08-18T17:45:21 IST" skipped="0">
  <testcase classname="practice.testng.dependOnScriptTest" name="createContactTest" time="0.016"/>
  <testcase classname="practice.testng.dependOnScriptTest" name="createContactWithMobileTest" time="0.001"/>
  <testcase classname="practice.testng.dependOnScriptTest" name="createContactWithIndustryTypeTest" time="0.002"/>
</testsuite> <!-- practice.testng.dependOnScriptTest -->
