<?xml version="1.0" encoding="UTF-8"?>
<!-- Generated by org.testng.reporters.JUnitReportReporter -->
<testsuite hostname="FFE-Vidyasree-KJ" failures="0" tests="5" name="practice.testng.ThreadPoolsizeTest" time="48.567" errors="0" timestamp="2026-08-19T14:51:35 IST" skipped="0">
  <testcase classname="practice.testng.ThreadPoolsizeTest" name="toginTest" time="10.231">
    <system-out>
      <![CDATA[Sauce Labs: AI-Unified Release Assurance Platform]]>
    </system-out>
  </testcase> <!-- toginTest -->
  <testcase classname="practice.testng.ThreadPoolsizeTest" name="toginTest" time="8.500">
    <system-out>
      <![CDATA[Sauce Labs: AI-Unified Release Assurance Platform]]>
    </system-out>
  </testcase> <!-- toginTest -->
  <testcase classname="practice.testng.ThreadPoolsizeTest" name="toginTest" time="9.182">
    <system-out>
      <![CDATA[Sauce Labs: AI-Unified Release Assurance Platform]]>
    </system-out>
  </testcase> <!-- toginTest -->
  <testcase classname="practice.testng.ThreadPoolsizeTest" name="toginTest" time="10.153">
    <system-out>
      <![CDATA[Sauce Labs: AI-Unified Release Assurance Platform]]>
    </system-out>
  </testcase> <!-- toginTest -->
  <testcase classname="practice.testng.ThreadPoolsizeTest" name="toginTest" time="10.501">
    <system-out>
      <![CDATA[Sauce Labs: AI-Unified Release Assurance Platform]]>
    </system-out>
  </testcase> <!-- toginTest -->
  <system-out>
    <![CDATA[Sauce Labs: AI-Unified Release Assurance Platform
Sauce Labs: AI-Unified Release Assurance Platform
Sauce Labs: AI-Unified Release Assurance Platform
Sauce Labs: AI-Unified Release Assurance Platform
Sauce Labs: AI-Unified Release Assurance Platform]]>
  </system-out>
</testsuite> <!-- practice.testng.ThreadPoolsizeTest -->
