<?xml version="1.0" encoding="UTF-8"?>
<!-- Generated by org.testng.reporters.JUnitReportReporter -->
<testsuite hostname="FFE-Vidyasree-KJ" failures="0" tests="3" name="practice.testng.ContactTest" time="0.013" errors="0" timestamp="2026-08-18T17:15:10 IST" skipped="0">
  <testcase classname="practice.testng.ContactTest" name="createContactWithMobileNoTest" time="0.010"/>
  <testcase classname="practice.testng.ContactTest" name="createContactWithIndustryTypeTest" time="0.001"/>
  <testcase classname="practice.testng.ContactTest" name="createContactTest" time="0.002"/>
</testsuite> <!-- practice.testng.ContactTest -->
