<?xml version="1.0" encoding="UTF-8"?>
<!-- Generated by org.testng.reporters.JUnitReportReporter -->
<testsuite hostname="FFE-Vidyasree-KJ" failures="0" tests="11" name="practice.testng.InvocationCount" time="0.042" errors="0" timestamp="2026-08-18T17:52:23 IST" skipped="1">
  <testcase classname="practice.testng.InvocationCount" name="createOrder" time="0.018"/>
  <testcase classname="practice.testng.InvocationCount" name="createOrder" time="0.003"/>
  <testcase classname="practice.testng.InvocationCount" name="createOrder" time="0.003"/>
  <testcase classname="practice.testng.InvocationCount" name="createOrder" time="0.002"/>
  <testcase classname="practice.testng.InvocationCount" name="createOrder" time="0.003"/>
  <testcase classname="practice.testng.InvocationCount" name="createOrder" time="0.002"/>
  <testcase classname="practice.testng.InvocationCount" name="createOrder" time="0.002"/>
  <testcase classname="practice.testng.InvocationCount" name="createOrder" time="0.002"/>
  <testcase classname="practice.testng.InvocationCount" name="createOrder" time="0.004"/>
  <testcase classname="practice.testng.InvocationCount" name="createOrder" time="0.003"/>
  <testcase classname="practice.testng.InvocationCount" name="billingOrder">
    <skipped/>
  </testcase> <!-- billingOrder -->
</testsuite> <!-- practice.testng.InvocationCount -->
