<?xml version="1.0" encoding="UTF-8"?>
<!-- Generated by org.testng.reporters.JUnitReportReporter -->
<testsuite hostname="FFE-Vidyasree-KJ" failures="0" tests="4" name="practice.testng.SampleTest" time="0.036" errors="0" timestamp="2026-08-18T16:24:01 IST" skipped="0">
  <testcase classname="practice.testng.SampleTest" name="createContactTest" time="0.026"/>
  <testcase classname="practice.testng.SampleTest" name="test1" time="0.003"/>
  <testcase classname="practice.testng.SampleTest" name="createContactWithIndustryTypeTest" time="0.004"/>
  <testcase classname="practice.testng.SampleTest" name="createContactWithMobileNoTest" time="0.003"/>
</testsuite> <!-- practice.testng.SampleTest -->
