<?xml version="1.0" encoding="UTF-8"?>
<testng-results ignored="0" total="1" passed="1" failed="0" skipped="0">
  <reporter-output>
  </reporter-output>
  <suite started-at="2026-08-19T17:55:56 IST" name="Default suite" finished-at="2026-08-19T17:56:03 IST" duration-ms="6207">
    <groups>
    </groups>
    <test started-at="2026-08-19T17:55:56 IST" name="Default test" finished-at="2026-08-19T17:56:03 IST" duration-ms="6207">
      <class name="practice.testng.StoreMultipleScreenShot">
        <test-method signature="Sample()[pri:0, instance:practice.testng.StoreMultipleScreenShot@65fb9ffc]" started-at="2026-08-19T17:55:56 IST" name="Sample" finished-at="2026-08-19T17:56:03 IST" duration-ms="6145" status="PASS">
          <reporter-output>
          </reporter-output>
        </test-method> <!-- Sample -->
      </class> <!-- practice.testng.StoreMultipleScreenShot -->
    </test> <!-- Default test -->
  </suite> <!-- Default suite -->
</testng-results>
