<?xml version="1.0" encoding="UTF-8"?>
<testng-results ignored="1" total="11" passed="10" failed="0" skipped="0">
  <reporter-output>
  </reporter-output>
  <suite started-at="2026-08-18T17:52:23 IST" name="Default suite" finished-at="2026-08-18T17:52:23 IST" duration-ms="142">
    <groups>
    </groups>
    <test started-at="2026-08-18T17:52:23 IST" name="Default test" finished-at="2026-08-18T17:52:23 IST" duration-ms="142">
      <class name="practice.testng.InvocationCount">
        <test-method signature="createOrder()[pri:0, instance:practice.testng.InvocationCount@73a1e9a9]" started-at="2026-08-18T17:52:23 IST" name="createOrder" finished-at="2026-08-18T17:52:23 IST" duration-ms="18" status="PASS">
          <reporter-output>
          </reporter-output>
        </test-method> <!-- createOrder -->
        <test-method signature="createOrder()[pri:0, instance:practice.testng.InvocationCount@73a1e9a9]" started-at="2026-08-18T17:52:23 IST" name="createOrder" finished-at="2026-08-18T17:52:23 IST" duration-ms="3" status="PASS">
          <reporter-output>
          </reporter-output>
        </test-method> <!-- createOrder -->
        <test-method signature="createOrder()[pri:0, instance:practice.testng.InvocationCount@73a1e9a9]" started-at="2026-08-18T17:52:23 IST" name="createOrder" finished-at="2026-08-18T17:52:23 IST" duration-ms="2" status="PASS">
          <reporter-output>
          </reporter-output>
        </test-method> <!-- createOrder -->
        <test-method signature="createOrder()[pri:0, instance:practice.testng.InvocationCount@73a1e9a9]" started-at="2026-08-18T17:52:23 IST" name="createOrder" finished-at="2026-08-18T17:52:23 IST" duration-ms="4" status="PASS">
          <reporter-output>
          </reporter-output>
        </test-method> <!-- createOrder -->
        <test-method signature="createOrder()[pri:0, instance:practice.testng.InvocationCount@73a1e9a9]" started-at="2026-08-18T17:52:23 IST" name="createOrder" finished-at="2026-08-18T17:52:23 IST" duration-ms="3" status="PASS">
          <reporter-output>
          </reporter-output>
        </test-method> <!-- createOrder -->
        <test-method signature="createOrder()[pri:0, instance:practice.testng.InvocationCount@73a1e9a9]" started-at="2026-08-18T17:52:23 IST" name="createOrder" finished-at="2026-08-18T17:52:23 IST" duration-ms="3" status="PASS">
          <reporter-output>
          </reporter-output>
        </test-method> <!-- createOrder -->
        <test-method signature="createOrder()[pri:0, instance:practice.testng.InvocationCount@73a1e9a9]" started-at="2026-08-18T17:52:23 IST" name="createOrder" finished-at="2026-08-18T17:52:23 IST" duration-ms="2" status="PASS">
          <reporter-output>
          </reporter-output>
        </test-method> <!-- createOrder -->
        <test-method signature="createOrder()[pri:0, instance:practice.testng.InvocationCount@73a1e9a9]" started-at="2026-08-18T17:52:23 IST" name="createOrder" finished-at="2026-08-18T17:52:23 IST" duration-ms="2" status="PASS">
          <reporter-output>
          </reporter-output>
        </test-method> <!-- createOrder -->
        <test-method signature="createOrder()[pri:0, instance:practice.testng.InvocationCount@73a1e9a9]" started-at="2026-08-18T17:52:23 IST" name="createOrder" finished-at="2026-08-18T17:52:23 IST" duration-ms="3" status="PASS">
          <reporter-output>
          </reporter-output>
        </test-method> <!-- createOrder -->
        <test-method signature="createOrder()[pri:0, instance:practice.testng.InvocationCount@73a1e9a9]" started-at="2026-08-18T17:52:23 IST" name="createOrder" finished-at="2026-08-18T17:52:23 IST" duration-ms="2" status="PASS">
          <reporter-output>
          </reporter-output>
        </test-method> <!-- createOrder -->
      </class> <!-- practice.testng.InvocationCount -->
    </test> <!-- Default test -->
  </suite> <!-- Default suite -->
</testng-results>
