<?xml version="1.0" encoding="UTF-8"?>
<!-- Generated by org.testng.reporters.JUnitXMLReporter -->
<testsuite ignored="1" hostname="FFE-Vidyasree-KJ" failures="0" tests="10" name="Default test" time="0.142" errors="0" timestamp="2026-08-18T17:52:23 IST">
  <testcase classname="practice.testng.InvocationCount" name="createOrder" time="0.018"/>
  <testcase classname="practice.testng.InvocationCount" name="createOrder" time="0.003"/>
  <testcase classname="practice.testng.InvocationCount" name="createOrder" time="0.002"/>
  <testcase classname="practice.testng.InvocationCount" name="createOrder" time="0.004"/>
  <testcase classname="practice.testng.InvocationCount" name="createOrder" time="0.003"/>
  <testcase classname="practice.testng.InvocationCount" name="createOrder" time="0.003"/>
  <testcase classname="practice.testng.InvocationCount" name="createOrder" time="0.002"/>
  <testcase classname="practice.testng.InvocationCount" name="createOrder" time="0.002"/>
  <testcase classname="practice.testng.InvocationCount" name="createOrder" time="0.003"/>
  <testcase classname="practice.testng.InvocationCount" name="createOrder" time="0.002"/>
  <testcase classname="practice.testng.InvocationCount" name="billingOrder" time="0.0">
    <ignored/>
  </testcase> <!-- billingOrder -->
</testsuite> <!-- Default test -->
